<?xml version="1.0" encoding="UTF-8"?>
<!-- Generated by org.testng.reporters.JUnitReportReporter -->
<testsuite hostname="m-PC" failures="0" tests="2" name="com.quality.tests.LoginPageTest" time="26.277" errors="0" timestamp="13 Dec 2020 14:16:48 GMT" skipped="0">
  <testcase classname="com.quality.tests.LoginPageTest" name="testLogin" time="16.343"/>
  <testcase classname="com.quality.tests.LoginPageTest" name="usum" time="9.934"/>
</testsuite> <!-- com.quality.tests.LoginPageTest -->
