<?xml version="1.0" encoding="UTF-8"?>
<!-- Generated by org.testng.reporters.JUnitReportReporter -->
<testsuite hostname="m-PC" failures="0" tests="1" name="com.quality.selfpractice.Sum" time="0.012" errors="0" timestamp="12 Dec 2020 18:02:50 GMT" skipped="0">
  <testcase classname="com.quality.selfpractice.Sum" name="sum" time="0.012"/>
</testsuite> <!-- com.quality.selfpractice.Sum -->
