<?xml version="1.0" encoding="UTF-8"?>
<!-- Generated by org.testng.reporters.JUnitReportReporter -->
<testsuite hostname="m-PC" failures="0" tests="1" name="com.quality.selfpractice.LaunchGoogle" time="11.091" errors="0" timestamp="12 Dec 2020 19:42:32 GMT" skipped="0">
  <testcase classname="com.quality.selfpractice.LaunchGoogle" name="run" time="11.091"/>
</testsuite> <!-- com.quality.selfpractice.LaunchGoogle -->
